app/build/outputs/logs/manifest-merger-debug-report.txt
-- Merging decision tree log ---
manifest
ADDED from src/main/AndroidManifest.xml:2:1-31:12
	package
		ADDED from src/main/AndroidManifest.xml:3:7-36
		INJECTED from src/main/AndroidManifest.xml
		INJECTED from src/main/AndroidManifest.xml
	android:versionName
		ADDED from src/main/AndroidManifest.xml:5:7-32
		INJECTED from src/main/AndroidManifest.xml
		INJECTED from src/main/AndroidManifest.xml
	android:versionCode
		ADDED from src/main/AndroidManifest.xml:4:7-30
		INJECTED from src/main/AndroidManifest.xml
		INJECTED from src/main/AndroidManifest.xml
	xmlns:android
		ADDED from src/main/AndroidManifest.xml:2:11-69
uses-sdk
ADDED from src/main/AndroidManifest.xml:6:5-43
	android:targetSdkVersion
		INJECTED from src/main/AndroidManifest.xml
		INJECTED from src/main/AndroidManifest.xml
	android:minSdkVersion
		ADDED from src/main/AndroidManifest.xml:6:15-40
		INJECTED from src/main/AndroidManifest.xml
		INJECTED from src/main/AndroidManifest.xml
uses-permission#android.permission.INTERNET
ADDED from src/main/AndroidManifest.xml:7:2-80
	android:name
		ADDED from src/main/AndroidManifest.xml:7:19-61
uses-permission#android.permission.STORAGE
ADDED from src/main/AndroidManifest.xml:8:2-79
	android:name
		ADDED from src/main/AndroidManifest.xml:8:19-60
application
ADDED from src/main/AndroidManifest.xml:9:5-30:19
	android:label
		ADDED from src/main/AndroidManifest.xml:9:48-80
	android:icon
		ADDED from src/main/AndroidManifest.xml:9:18-47
activity#fortyonepost.com.vv.Intro
ADDED from src/main/AndroidManifest.xml:10:9-16:20
	android:label
		ADDED from src/main/AndroidManifest.xml:11:19-51
	android:name
		ADDED from src/main/AndroidManifest.xml:10:19-39
intent-filter#android.intent.action.MAIN+android.intent.category.LAUNCHER
ADDED from src/main/AndroidManifest.xml:12:13-15:29
action#android.intent.action.MAIN
ADDED from src/main/AndroidManifest.xml:13:17-69
	android:name
		ADDED from src/main/AndroidManifest.xml:13:25-66
category#android.intent.category.LAUNCHER
ADDED from src/main/AndroidManifest.xml:14:17-77
	android:name
		ADDED from src/main/AndroidManifest.xml:14:27-74
activity#fortyonepost.com.vv.PlayVideoResFolder
ADDED from src/main/AndroidManifest.xml:18:9-20:20
	android:label
		ADDED from src/main/AndroidManifest.xml:19:19-56
	android:name
		ADDED from src/main/AndroidManifest.xml:18:19-53
activity#fortyonepost.com.vv.PlayVideoSDcard
ADDED from src/main/AndroidManifest.xml:22:9-24:20
	android:label
		ADDED from src/main/AndroidManifest.xml:23:19-53
	android:name
		ADDED from src/main/AndroidManifest.xml:22:19-50
activity#fortyonepost.com.vv.PlayVideoRemote
ADDED from src/main/AndroidManifest.xml:26:3-28:20
	android:label
		ADDED from src/main/AndroidManifest.xml:27:19-56
	android:name
		ADDED from src/main/AndroidManifest.xml:26:13-44